d:\socketpractice\clientgui\x64\release\clientsocket.obj
d:\socketpractice\clientgui\x64\release\main.obj
d:\socketpractice\clientgui\x64\release\loginview.obj
d:\socketpractice\clientgui\x64\release\qrc_loginview.obj
d:\socketpractice\clientgui\x64\release\moc_loginview.obj
d:\socketpractice\clientgui\x64\release\uic\ui_loginview.h
d:\socketpractice\clientgui\x64\release\rcc\qrc_loginview.cpp
d:\socketpractice\clientgui\x64\release\moc\moc_loginview.cpp
d:\socketpractice\x64\release\clientgui.exe
d:\socketpractice\clientgui\x64\release\\moc\moc_loginview.cpp
d:\socketpractice\clientgui\x64\release\\rcc\qrc_loginview.cpp
d:\socketpractice\clientgui\x64\release\\uic\ui_loginview.h
d:\socketpractice\clientgui\x64\release\clientgui.tlog\cl.command.1.tlog
d:\socketpractice\clientgui\x64\release\clientgui.tlog\cl.read.1.tlog
d:\socketpractice\clientgui\x64\release\clientgui.tlog\cl.write.1.tlog
d:\socketpractice\clientgui\x64\release\clientgui.tlog\clientgui.write.1u.tlog
d:\socketpractice\clientgui\x64\release\clientgui.tlog\link.command.1.tlog
d:\socketpractice\clientgui\x64\release\clientgui.tlog\link.read.1.tlog
d:\socketpractice\clientgui\x64\release\clientgui.tlog\link.write.1.tlog
d:\socketpractice\clientgui\x64\release\clientgui.tlog\moc.read.1u.tlog
d:\socketpractice\clientgui\x64\release\clientgui.tlog\moc.write.1u.tlog
d:\socketpractice\clientgui\x64\release\clientgui.tlog\rcc.read.1u.tlog
d:\socketpractice\clientgui\x64\release\clientgui.tlog\rcc.write.1u.tlog
d:\socketpractice\clientgui\x64\release\clientgui.tlog\uic.read.1u.tlog
d:\socketpractice\clientgui\x64\release\clientgui.tlog\uic.write.1u.tlog
