  Reading Qt configuration (D:\Qt\5.15.0\msvc2019_64\bin\qmake.exe)
  uic LoginView.ui
  rcc LoginView.qrc
  moc LoginView.h
  ClientSocket.cpp
  LoginView.cpp
  main.cpp
  qrc_LoginView.cpp
  moc_LoginView.cpp
  ClientGUI.vcxproj -> D:\SocketPractice\x64\Release\ClientGUI.exe

Project Performance Summary:
     5796 ms  D:\SocketPractice\ClientGUI\ClientGUI.vcxproj   2 calls
               3184 ms  Rebuild                                    1 calls
               2612 ms  Build                                      1 calls

Target Performance Summary:
        0 ms  QtMocSetModified                           1 calls
        0 ms  QtRccPass2_GetObjs                         1 calls
        0 ms  ComputeLinkInputsFromProject               1 calls
        0 ms  ComputeCLGeneratedLinkInputs               1 calls
        0 ms  ComputeManifestGeneratedLinkerInputs       1 calls
        0 ms  ComputeRCGeneratedLinkInputs               1 calls
        0 ms  ComputeRCOutputs                           1 calls
        0 ms  BeforeLink                                 1 calls
        0 ms  ComputeLegacyManifestEmbedding             1 calls
        0 ms  BuildCompile                               1 calls
        0 ms  _BuildCompileAction                        1 calls
        0 ms  AfterBuildCompileEvent                     1 calls
        0 ms  _ResourceCompile                           1 calls
        0 ms  AfterResourceCompile                       1 calls
        0 ms  MakeDirsForResourceCompile                 1 calls
        0 ms  BeforeResourceCompile                      1 calls
        0 ms  _ClCompile                                 1 calls
        0 ms  AfterClCompile                             1 calls
        0 ms  QtRccFilter                                1 calls
        0 ms  QtQmlSetModified                           1 calls
        0 ms  QtQml                                      1 calls
        0 ms  QtQmlCache                                 1 calls
        0 ms  QtMocPrepare                               1 calls
        0 ms  AfterRebuild                               1 calls
        0 ms  QtRccPass2                                 1 calls
        0 ms  QtGetDefaultClCompile                      1 calls
        0 ms  ComputeCLInputPDBName                      1 calls
        0 ms  FindReferenceAssembliesForReferences       1 calls
        0 ms  ComputeReferenceCLInput                    1 calls
        0 ms  WarnCompileDuplicatedFilename              1 calls
        0 ms  MakeDirsForCl                              1 calls
        0 ms  SelectClCompile                            1 calls
        0 ms  Qt                                         1 calls
        0 ms  QtRccPass2_Link                            1 calls
        0 ms  ComputeManifestInputsTargets               1 calls
        0 ms  SplitResourcesByCulture                    1 calls
        0 ms  _Deploy                                    1 calls
        0 ms  _PopulateCommonStateForGetCopyToOutputDirectoryItems   1 calls
        0 ms  GetCopyToOutputDirectoryXamlAppDefs        1 calls
        0 ms  _GetCopyToOutputDirectoryItemsFromThisProject   1 calls
        0 ms  _CopySourceItemsToOutputDirectory          1 calls
        0 ms  _CheckForCompileOutputs                    1 calls
        0 ms  _Appverifier                               1 calls
        0 ms  CopyFilesToOutputDirectory                 1 calls
        0 ms  PostBuildEvent                             1 calls
        0 ms  _BuildLinkAction                           1 calls
        0 ms  BuildLink                                  1 calls
        0 ms  AfterBuild                                 1 calls
        0 ms  IncrementalClean                           1 calls
        0 ms  Build                                      2 calls
        0 ms  PrepareForRun                              1 calls
        0 ms  QtRccFilterSetModified                     1 calls
        0 ms  CreateSatelliteAssemblies                  1 calls
        0 ms  MakeDirsForBscMake                         1 calls
        0 ms  CreateCustomManifestResourceNames          1 calls
        0 ms  PrepareResourceNames                       1 calls
        0 ms  DoLinkOutputFilesMatch                     1 calls
        0 ms  PreLinkEvent                               1 calls
        0 ms  ComputeLinkImportLibraryOutputsForClean    1 calls
        0 ms  AfterLink                                  1 calls
        0 ms  _BscMake                                   1 calls
        0 ms  _Link                                      1 calls
        0 ms  _Manifest                                  1 calls
        0 ms  ResolvedXDCMake                            1 calls
        0 ms  ComputeCLCompileGeneratedXDCFiles          1 calls
        0 ms  MakeDirsForXdcMake                         1 calls
        0 ms  _XdcMake                                   1 calls
        0 ms  ComputeCLCompileGeneratedSbrFiles          1 calls
        0 ms  _ALink                                     1 calls
        0 ms  QtRccOverrideCpp                           1 calls
        0 ms  Rebuild                                    1 calls
        0 ms  AfterResolveReferences                     2 calls
        0 ms  SelectCustomBuild                          1 calls
        0 ms  _SelectedFiles                             1 calls
        0 ms  Clean                                      1 calls
        0 ms  BeforeBuildGenerateSources                 1 calls
        0 ms  BuildGenerateSourcesTraverse               1 calls
        0 ms  _PrepareForBuild                           1 calls
        0 ms  QtVersion                                  1 calls
        0 ms  PrepareProjectReferences                   2 calls
        0 ms  CleanReferencedProjects                    1 calls
        0 ms  QtUicInit                                  2 calls
        0 ms  AfterClean                                 1 calls
        0 ms  ResolveReferences                          2 calls
        0 ms  QtRccPrepare                               1 calls
        0 ms  ResolveAssemblyReferences                  2 calls
        0 ms  BeforeCppClean                             1 calls
        0 ms  AfterCppClean                              1 calls
        0 ms  ResolveSDKReferences                       2 calls
        0 ms  SetCABuildNativeEnvironmentVariables       2 calls
        0 ms  _CheckWindowsSDKInstalled                  2 calls
        0 ms  CppClean                                   1 calls
        0 ms  GetFrameworkPaths                          2 calls
        0 ms  ResolveProjectReferences                   2 calls
        0 ms  BeforeResolveReferences                    2 calls
        0 ms  ComputeCustomBuildOutput                   1 calls
        0 ms  _Xsd                                       1 calls
        0 ms  PreBuildEvent                              1 calls
        0 ms  BeforeClCompile                            1 calls
        0 ms  _PrepareForRebuild                         1 calls
        0 ms  BeforeRebuild                              1 calls
        0 ms  QtUic                                      1 calls
        0 ms  QtUicPrepare                               1 calls
        0 ms  MakeDirsForMidl                            1 calls
        0 ms  BuildCompileTraverse                       1 calls
        0 ms  BeforeClean                                1 calls
        0 ms  BuildGenerateSources                       1 calls
        0 ms  _BuildGenerateSourcesAction                1 calls
        0 ms  QtClean                                    1 calls
        0 ms  AfterBuildGenerateSources                  1 calls
        0 ms  _Midl                                      1 calls
        0 ms  AfterMidl                                  1 calls
        0 ms  _SplitProjectReferencesByFileExistence     2 calls
        0 ms  AfterBuildGenerateSourcesEvent             1 calls
        0 ms  ComputeMIDLGeneratedCompileInputs          1 calls
        1 ms  QtRcc                                      1 calls
        1 ms  QtMoc                                      1 calls
        1 ms  RegisterOutput                             1 calls
        1 ms  GetReferenceAssemblyPaths                  2 calls
        1 ms  _PrepareForClean                           1 calls
        1 ms  FixupCLCompileOptions                      1 calls
        1 ms  _PrepareForReferenceResolution             2 calls
        1 ms  CoreClean                                  1 calls
        1 ms  QtPrepare                                  1 calls
        1 ms  MakeDirsForLink                            1 calls
        1 ms  _GenerateSatelliteAssemblyInputs           1 calls
        1 ms  ComputeCLOutputs                           1 calls
        1 ms  GetResolvedWinMD                           2 calls
        1 ms  CleanPublishFolder                         1 calls
        1 ms  _GetProjectReferenceTargetFrameworkProperties   2 calls
        1 ms  ComputeLinkSwitches                        1 calls
        1 ms  _CleanGetCurrentAndPriorFileWrites         1 calls
        1 ms  BuildLinkTraverse                          1 calls
        1 ms  QtUicSetModified                           1 calls
        1 ms  QtRccInit                                  1 calls
        1 ms  CopyFileToFolders                          1 calls
        1 ms  SetBuildDefaultEnvironmentVariables        2 calls
        1 ms  QtRccSetModified                           1 calls
        1 ms  CustomBuild                                1 calls
        1 ms  QtQmlCachePrepare                          1 calls
        1 ms  ExpandSDKReferences                        2 calls
        1 ms  AssignProjectConfiguration                 2 calls
        1 ms  QtVarsClean                                1 calls
        1 ms  QtMocInit                                  2 calls
        1 ms  PGInstrumentedClean                        1 calls
        1 ms  SetTelemetryEnvironmentVariables           2 calls
        1 ms  AssignTargetPaths                          1 calls
        1 ms  GetCopyToOutputDirectoryItems              1 calls
        1 ms  _GetCopyToOutputDirectoryItemsFromTransitiveProjectReferences   1 calls
        1 ms  QtMocOverrideCpp                           1 calls
        1 ms  QtQmlCacheLoader                           1 calls
        3 ms  _CheckForInvalidConfigurationAndPlatform   2 calls
        3 ms  FinalizeBuildStatus                        2 calls
        4 ms  InitializeBuildStatus                      2 calls
        5 ms  PrepareForBuild                            2 calls
        6 ms  QtWorkPrepare                              3 calls
       17 ms  CoreCppClean                               1 calls
       48 ms  QtRccSetDependencies                       1 calls
      167 ms  Link                                       1 calls
      315 ms  QtWork                                     1 calls
      497 ms  QtVars                                     1 calls
     2041 ms  ClCompile                                  1 calls
     2651 ms  QtOuterBuild                               1 calls

Task Performance Summary:
        0 ms  CreateProperty                            10 calls
        0 ms  AssignCulture                              1 calls
        0 ms  FindUnderPath                              7 calls
        0 ms  ParseVarDefs                               1 calls
        0 ms  CheckVCToolsetVersion                      2 calls
        0 ms  AssignProjectConfiguration                 2 calls
        1 ms  Expand                                     1 calls
        1 ms  GetItemHash                                3 calls
        1 ms  RemoveDuplicates                           3 calls
        1 ms  Message                                    6 calls
        1 ms  ConvertToAbsolutePath                      1 calls
        1 ms  Copy                                       1 calls
        1 ms  AssignTargetPath                           7 calls
        1 ms  CallTarget                                 2 calls
        2 ms  Delete                                    10 calls
        2 ms  ReadLinesFromFile                          8 calls
        2 ms  MakeDir                                   18 calls
        2 ms  GetOutOfDateItems                          3 calls
        2 ms  RemoveDir                                  3 calls
        2 ms  SetEnv                                    16 calls
        3 ms  Touch                                      4 calls
        4 ms  GetVarsFromMakefile                        1 calls
       12 ms  WriteLinesToFile                          19 calls
       17 ms  CppClean                                   1 calls
      167 ms  Link                                       1 calls
      167 ms  QtRunWork                                  1 calls
      520 ms  Exec                                       4 calls
     2040 ms  CL                                         2 calls
     2651 ms  MSBuild                                    3 calls
