D:\Visual Studio\Community 2019\MSBuild\Microsoft\VC\v160\Microsoft.CppBuild.targets(467,5): warning MSB8028: The intermediate directory (x64\Debug\) contains files shared from another project (QtFortuneServer.vcxproj).  This can lead to incorrect clean and rebuild behavior.
D:\Visual Studio\Community 2019\MSBuild\Microsoft\VC\v160\Microsoft.CppBuild.targets(467,5): warning MSB8028: The intermediate directory (x64\Debug\) contains files shared from another project (QtFortuneServer.vcxproj).  This can lead to incorrect clean and rebuild behavior.
qtmaind.lib(qtmain_win.obj) : error LNK2019: unresolved external symbol main referenced in function WinMain
D:\SocketPractice\x64\Debug\Server.exe : fatal error LNK1120: 1 unresolved externals

Project Performance Summary:
     2269 ms  D:\SocketPractice\QtFortuneServer\QtFortuneServer.vcxproj   2 calls
               2269 ms  Build                                      2 calls

Target Performance Summary:
        0 ms  CreateCustomManifestResourceNames          1 calls
        0 ms  AfterResourceCompile                       1 calls
        0 ms  _ResourceCompile                           1 calls
        0 ms  AfterBuildCompileEvent                     1 calls
        0 ms  _BuildCompileAction                        1 calls
        0 ms  BeforeClCompile                            1 calls
        0 ms  BuildCompileTraverse                       1 calls
        0 ms  QtRccInit                                  1 calls
        0 ms  BuildGenerateSources                       1 calls
        0 ms  AfterBuildGenerateSourcesEvent             1 calls
        0 ms  AfterBuildGenerateSources                  1 calls
        0 ms  _Midl                                      1 calls
        0 ms  AfterMidl                                  1 calls
        0 ms  ComputeMIDLGeneratedCompileInputs          1 calls
        0 ms  MakeDirsForMidl                            1 calls
        0 ms  _BuildGenerateSourcesAction                1 calls
        0 ms  MakeDirsForResourceCompile                 1 calls
        0 ms  QtRccPrepare                               1 calls
        0 ms  QtRccSetModified                           1 calls
        0 ms  ComputeReferenceCLInput                    1 calls
        0 ms  FindReferenceAssembliesForReferences       1 calls
        0 ms  ComputeCLInputPDBName                      1 calls
        0 ms  Qt                                         1 calls
        0 ms  PrepareResourceNames                       1 calls
        0 ms  QtGetDefaultClCompile                      1 calls
        0 ms  DoLinkOutputFilesMatch                     1 calls
        0 ms  AfterClCompile                             1 calls
        0 ms  QtQmlCache                                 1 calls
        0 ms  QtQml                                      1 calls
        0 ms  QtQmlSetModified                           1 calls
        0 ms  _ClCompile                                 1 calls
        0 ms  QtRccFilter                                1 calls
        0 ms  QtRccFilterSetModified                     1 calls
        0 ms  BeforeResourceCompile                      1 calls
        0 ms  _Xsd                                       1 calls
        0 ms  SelectClCompile                            1 calls
        0 ms  BuildCompile                               1 calls
        0 ms  ComputeCustomBuildOutput                   1 calls
        0 ms  ResolveSDKReferences                       2 calls
        0 ms  ComputeCLOutputs                           1 calls
        0 ms  ComputeLinkInputsFromProject               1 calls
        0 ms  SetCABuildNativeEnvironmentVariables       2 calls
        0 ms  _CheckWindowsSDKInstalled                  2 calls
        0 ms  GetResolvedWinMD                           2 calls
        0 ms  ExpandSDKReferences                        2 calls
        0 ms  QtRccPass2_GetObjs                         1 calls
        0 ms  QtRccPass2                                 1 calls
        0 ms  PrepareProjectReferences                   2 calls
        0 ms  QtRccPass2_Link                            1 calls
        0 ms  _SplitProjectReferencesByFileExistence     2 calls
        0 ms  ComputeManifestInputsTargets               1 calls
        0 ms  BeforeResolveReferences                    2 calls
        0 ms  GetReferenceAssemblyPaths                  2 calls
        0 ms  BuildLinkTraverse                          1 calls
        0 ms  ComputeManifestGeneratedLinkerInputs       1 calls
        0 ms  AfterResolveReferences                     2 calls
        0 ms  SelectCustomBuild                          1 calls
        0 ms  _SelectedFiles                             1 calls
        0 ms  PreBuildEvent                              1 calls
        0 ms  BeforeBuildGenerateSources                 1 calls
        0 ms  BuildGenerateSourcesTraverse               1 calls
        0 ms  _PrepareForBuild                           1 calls
        0 ms  QtVersion                                  1 calls
        0 ms  SetTelemetryEnvironmentVariables           1 calls
        0 ms  BeforeLink                                 1 calls
        0 ms  QtUicInit                                  2 calls
        0 ms  QtMocInit                                  1 calls
        0 ms  ComputeRCOutputs                           1 calls
        0 ms  ComputeRCGeneratedLinkInputs               1 calls
        0 ms  ResolveReferences                          2 calls
        0 ms  FixupCLCompileOptions                      1 calls
        1 ms  GetFrameworkPaths                          2 calls
        1 ms  PreLinkEvent                               1 calls
        1 ms  QtQmlCachePrepare                          1 calls
        1 ms  QtUicSetModified                           1 calls
        1 ms  ComputeCLGeneratedLinkInputs               1 calls
        1 ms  _GetProjectReferenceTargetFrameworkProperties   2 calls
        1 ms  AssignTargetPaths                          1 calls
        1 ms  QtRccOverrideCpp                           1 calls
        1 ms  WarnCompileDuplicatedFilename              1 calls
        1 ms  SplitResourcesByCulture                    1 calls
        1 ms  ComputeLegacyManifestEmbedding             1 calls
        1 ms  ResolveAssemblyReferences                  2 calls
        1 ms  QtUicPrepare                               1 calls
        1 ms  CopyFileToFolders                          1 calls
        1 ms  QtQmlCacheLoader                           1 calls
        1 ms  QtVarsPrepare                              1 calls
        2 ms  _PrepareForReferenceResolution             2 calls
        2 ms  QtRcc                                      1 calls
        3 ms  QtPrepare                                  1 calls
        3 ms  ComputeLinkSwitches                        1 calls
        3 ms  QtUic                                      1 calls
        4 ms  QtVars                                     1 calls
        5 ms  CustomBuild                                1 calls
        7 ms  SetBuildDefaultEnvironmentVariables        2 calls
        7 ms  InitializeBuildStatus                      2 calls
        7 ms  MakeDirsForCl                              1 calls
       11 ms  AssignProjectConfiguration                 2 calls
       12 ms  MakeDirsForLink                            1 calls
       19 ms  PrepareForBuild                            2 calls
       22 ms  ResolveProjectReferences                   2 calls
       29 ms  _CheckForInvalidConfigurationAndPlatform   2 calls
       57 ms  QtRccSetDependencies                       1 calls
       64 ms  ClCompile                                  1 calls
      150 ms  QtWork                                     1 calls
      262 ms  Link                                       1 calls
      445 ms  QtWorkPrepare                              2 calls
     1131 ms  QtOuterBuild                               1 calls

Task Performance Summary:
        0 ms  Message                                    4 calls
        0 ms  CreateProperty                             2 calls
        1 ms  FindInList                                 2 calls
        1 ms  AssignTargetPath                           4 calls
        1 ms  AssignCulture                              1 calls
        1 ms  Delete                                     1 calls
        1 ms  CheckVCToolsetVersion                      2 calls
        2 ms  SetEnv                                    13 calls
        2 ms  Expand                                     1 calls
        2 ms  VCMessage                                  2 calls
        2 ms  AssignProjectConfiguration                 2 calls
        3 ms  Touch                                      2 calls
        4 ms  GetItemHash                                2 calls
        4 ms  ReadLinesFromFile                          4 calls
        6 ms  GetOutOfDateItems                          3 calls
       11 ms  WriteLinesToFile                           9 calls
       13 ms  MakeDir                                    9 calls
       56 ms  Exec                                       1 calls
       63 ms  CL                                         2 calls
      261 ms  Link                                       1 calls
     1132 ms  MSBuild                                    3 calls
