d:\socketpractice\clientgui\x64\debug\moc_loginview.obj
d:\socketpractice\clientgui\x64\debug\qrc_loginview.obj
d:\socketpractice\clientgui\x64\debug\vc142.pdb
d:\socketpractice\clientgui\x64\debug\loginview.obj
d:\socketpractice\clientgui\x64\debug\main.obj
d:\socketpractice\clientgui\x64\debug\logincontroller.obj
d:\socketpractice\clientgui\x64\debug\moc_clientsocket.obj
d:\socketpractice\clientgui\x64\debug\clientsocket.obj
d:\socketpractice\clientgui\x64\debug\uic\ui_loginview.h
d:\socketpractice\clientgui\x64\debug\rcc\qrc_loginview.cpp
d:\socketpractice\clientgui\x64\debug\moc\moc_loginview.cpp
d:\socketpractice\clientgui\x64\debug\moc\moc_clientsocket.cpp
d:\socketpractice\x64\debug\clientgui.exe
d:\socketpractice\x64\debug\clientgui.ilk
d:\socketpractice\x64\debug\clientgui.pdb
d:\socketpractice\clientgui\x64\debug\\moc\moc_loginview.cpp
d:\socketpractice\clientgui\x64\debug\\rcc\qrc_loginview.cpp
d:\socketpractice\clientgui\x64\debug\\uic\ui_loginview.h
d:\socketpractice\clientgui\x64\debug\clientgui.tlog\cl.command.1.tlog
d:\socketpractice\clientgui\x64\debug\clientgui.tlog\cl.read.1.tlog
d:\socketpractice\clientgui\x64\debug\clientgui.tlog\cl.write.1.tlog
d:\socketpractice\clientgui\x64\debug\clientgui.tlog\clientgui.write.1u.tlog
d:\socketpractice\clientgui\x64\debug\clientgui.tlog\link.command.1.tlog
d:\socketpractice\clientgui\x64\debug\clientgui.tlog\link.read.1.tlog
d:\socketpractice\clientgui\x64\debug\clientgui.tlog\link.write.1.tlog
d:\socketpractice\clientgui\x64\debug\clientgui.tlog\moc.read.1u.tlog
d:\socketpractice\clientgui\x64\debug\clientgui.tlog\moc.write.1u.tlog
d:\socketpractice\clientgui\x64\debug\clientgui.tlog\rcc.read.1u.tlog
d:\socketpractice\clientgui\x64\debug\clientgui.tlog\rcc.write.1u.tlog
d:\socketpractice\clientgui\x64\debug\clientgui.tlog\uic.read.1u.tlog
d:\socketpractice\clientgui\x64\debug\clientgui.tlog\uic.write.1u.tlog
