  uic Server.ui
  rcc Server.qrc
   RCC: Warning: No resources in 'D:\Homeworks\Computer Network\File Server Project\client\QtFortuneServer\Server.qrc'.
  Server.cpp
  main.cpp
  qrc_Server.cpp
qtmain.lib(qtmain_win.obj) : error LNK2019: unresolved external symbol main referenced in function WinMain
D:\Homeworks\Computer Network\File Server Project\client\x64\Release\Server.exe : fatal error LNK1120: 1 unresolved externals

Project Performance Summary:
     2681 ms  D:\Homeworks\Computer Network\File Server Project\client\QtFortuneServer\QtFortuneServer.vcxproj   2 calls
               2681 ms  Build                                      2 calls

Target Performance Summary:
        0 ms  _PrepareForReferenceResolution             2 calls
        0 ms  FixupCLCompileOptions                      1 calls
        0 ms  ComputeReferenceCLInput                    1 calls
        0 ms  FindReferenceAssembliesForReferences       1 calls
        0 ms  ComputeCLInputPDBName                      1 calls
        0 ms  Qt                                         1 calls
        0 ms  MakeDirsForLink                            1 calls
        0 ms  QtGetDefaultClCompile                      1 calls
        0 ms  DoLinkOutputFilesMatch                     1 calls
        0 ms  QtQmlCache                                 1 calls
        0 ms  QtQmlSetModified                           1 calls
        0 ms  QtQmlCacheLoader                           1 calls
        0 ms  QtRccFilter                                1 calls
        0 ms  QtRccFilterSetModified                     1 calls
        0 ms  QtRccOverrideCpp                           1 calls
        0 ms  QtRccPrepare                               1 calls
        0 ms  ComputeLinkSwitches                        1 calls
        0 ms  QtUic                                      1 calls
        0 ms  SplitResourcesByCulture                    1 calls
        0 ms  QtPrepare                                  1 calls
        0 ms  SelectClCompile                            1 calls
        0 ms  BeforeClCompile                            1 calls
        0 ms  PrepareResourceNames                       1 calls
        0 ms  _ClCompile                                 1 calls
        0 ms  AssignTargetPaths                          1 calls
        0 ms  ComputeManifestInputsTargets               1 calls
        0 ms  QtRccPass2_Link                            1 calls
        0 ms  QtRccPass2                                 1 calls
        0 ms  QtRccPass2_GetObjs                         1 calls
        0 ms  ComputeCLGeneratedLinkInputs               1 calls
        0 ms  ComputeCLOutputs                           1 calls
        0 ms  ComputeManifestGeneratedLinkerInputs       1 calls
        0 ms  ComputeRCGeneratedLinkInputs               1 calls
        0 ms  ComputeRCOutputs                           1 calls
        0 ms  BeforeLink                                 1 calls
        0 ms  ComputeLegacyManifestEmbedding             1 calls
        0 ms  BuildCompile                               1 calls
        0 ms  _BuildCompileAction                        1 calls
        0 ms  AfterBuildCompileEvent                     1 calls
        0 ms  _ResourceCompile                           1 calls
        0 ms  AfterResourceCompile                       1 calls
        0 ms  MakeDirsForResourceCompile                 1 calls
        0 ms  BeforeResourceCompile                      1 calls
        0 ms  AfterClCompile                             1 calls
        0 ms  BuildCompileTraverse                       1 calls
        0 ms  CreateCustomManifestResourceNames          1 calls
        0 ms  _BuildGenerateSourcesAction                1 calls
        0 ms  BuildGenerateSourcesTraverse               1 calls
        0 ms  BeforeResolveReferences                    2 calls
        0 ms  QtVersion                                  1 calls
        0 ms  BuildGenerateSources                       1 calls
        0 ms  QtMocInit                                  1 calls
        0 ms  QtVarsPrepare                              1 calls
        0 ms  _SplitProjectReferencesByFileExistence     2 calls
        0 ms  ResolveReferences                          2 calls
        0 ms  AfterResolveReferences                     2 calls
        0 ms  ResolveAssemblyReferences                  2 calls
        0 ms  ExpandSDKReferences                        2 calls
        0 ms  ResolveSDKReferences                       2 calls
        0 ms  PrepareProjectReferences                   2 calls
        0 ms  SetCABuildNativeEnvironmentVariables       2 calls
        0 ms  _CheckWindowsSDKInstalled                  2 calls
        0 ms  BeforeBuildGenerateSources                 1 calls
        0 ms  PreBuildEvent                              1 calls
        0 ms  GetReferenceAssemblyPaths                  2 calls
        0 ms  _SelectedFiles                             1 calls
        0 ms  AfterBuildGenerateSourcesEvent             1 calls
        0 ms  AfterBuildGenerateSources                  1 calls
        0 ms  _Midl                                      1 calls
        0 ms  AfterMidl                                  1 calls
        0 ms  ComputeMIDLGeneratedCompileInputs          1 calls
        0 ms  _Xsd                                       1 calls
        0 ms  CopyFileToFolders                          1 calls
        0 ms  MakeDirsForMidl                            1 calls
        0 ms  ComputeCustomBuildOutput                   1 calls
        0 ms  SelectCustomBuild                          1 calls
        1 ms  WarnCompileDuplicatedFilename              1 calls
        1 ms  QtRccSetModified                           1 calls
        1 ms  ComputeLinkInputsFromProject               1 calls
        1 ms  QtRcc                                      1 calls
        1 ms  QtQml                                      1 calls
        1 ms  CustomBuild                                1 calls
        1 ms  MakeDirsForCl                              1 calls
        1 ms  QtQmlCachePrepare                          1 calls
        1 ms  _CheckForInvalidConfigurationAndPlatform   2 calls
        1 ms  QtRccInit                                  1 calls
        1 ms  QtUicPrepare                               1 calls
        1 ms  PreLinkEvent                               1 calls
        1 ms  _PrepareForBuild                           1 calls
        1 ms  QtUicInit                                  2 calls
        1 ms  GetResolvedWinMD                           2 calls
        1 ms  BuildLinkTraverse                          1 calls
        2 ms  QtUicSetModified                           1 calls
        2 ms  _GetProjectReferenceTargetFrameworkProperties   2 calls
        2 ms  GetFrameworkPaths                          2 calls
        5 ms  SetBuildDefaultEnvironmentVariables        2 calls
        6 ms  InitializeBuildStatus                      2 calls
        6 ms  QtVars                                     1 calls
        7 ms  SetTelemetryEnvironmentVariables           1 calls
        9 ms  PrepareForBuild                            2 calls
        9 ms  AssignProjectConfiguration                 2 calls
       13 ms  ResolveProjectReferences                   2 calls
       48 ms  QtRccSetDependencies                       1 calls
      100 ms  QtWorkPrepare                              2 calls
      135 ms  Link                                       1 calls
      353 ms  QtWork                                     1 calls
      620 ms  ClCompile                                  1 calls
     1340 ms  QtOuterBuild                               1 calls

Task Performance Summary:
        0 ms  AssignTargetPath                           4 calls
        0 ms  Delete                                     1 calls
        0 ms  AssignCulture                              1 calls
        0 ms  CheckVCToolsetVersion                      2 calls
        0 ms  ReadLinesFromFile                          4 calls
        1 ms  CreateProperty                             4 calls
        1 ms  AssignProjectConfiguration                 2 calls
        1 ms  GetOutOfDateItems                          3 calls
        1 ms  Message                                    4 calls
        2 ms  Expand                                     1 calls
        2 ms  GetItemHash                                2 calls
        3 ms  Touch                                      2 calls
        4 ms  MakeDir                                   11 calls
        8 ms  SetEnv                                    13 calls
        8 ms  WriteLinesToFile                           9 calls
       47 ms  Exec                                       1 calls
      123 ms  QtRunWork                                  1 calls
      135 ms  Link                                       1 calls
      619 ms  CL                                         2 calls
     1341 ms  MSBuild                                    3 calls
